2020-04-04T12:01:58+00:00 DEBUG 
====Stripe Version: 4.3.2====
====Start Log====
Keys are not set correctly.
====End Log====


2020-04-04T12:02:36+00:00 DEBUG 
====Stripe Version: 4.3.2====
====Start Log====
Keys are not set correctly.
====End Log====


2020-04-04T12:02:41+00:00 DEBUG 
====Stripe Version: 4.3.2====
====Start Log====
Keys are not set correctly.
====End Log====


2020-04-04T12:02:42+00:00 DEBUG 
====Stripe Version: 4.3.2====
====Start Log====
Keys are not set correctly.
====End Log====


2020-04-04T12:02:49+00:00 DEBUG 
====Stripe Version: 4.3.2====
====Start Log====
Keys are not set correctly.
====End Log====


2020-04-04T12:02:50+00:00 DEBUG 
====Stripe Version: 4.3.2====
====Start Log====
Keys are not set correctly.
====End Log====


2020-04-04T12:02:56+00:00 DEBUG 
====Stripe Version: 4.3.2====
====Start Log====
Keys are not set correctly.
====End Log====


2020-04-04T12:02:59+00:00 DEBUG 
====Stripe Version: 4.3.2====
====Start Log====
Keys are not set correctly.
====End Log====


2020-04-04T12:03:07+00:00 DEBUG 
====Stripe Version: 4.3.2====
====Start Log====
Keys are not set correctly.
====End Log====


2020-04-04T12:03:29+00:00 DEBUG 
====Stripe Version: 4.3.2====
====Start Log====
Keys are not set correctly.
====End Log====


